<?xml version="1.0" encoding="UTF-8"?>
<!-- Generated by org.testng.reporters.JUnitReportReporter -->
<testsuite skipped="0" hostname="DESKTOP-RU7VQSE" name="Maven_1.Maven_demo.Base_test" tests="1" failures="0" timestamp="2020-01-14T15:02:54 IST" time="0.734" errors="0">
  <testcase name="dragNdrop" time="0.734" classname="Maven_1.Maven_demo.Base_test"/>
  <system-out/>
</testsuite> <!-- Maven_1.Maven_demo.Base_test -->
